2021-08-24 00:05:14,285 root - INFO:DATA PREDICTION: starting Initialization of DataPrediction object
2021-08-24 00:05:14,288 root - INFO:DATA PREDICTION: started fetching predicted results
2021-08-24 00:05:14,362 root - INFO:DATA PREDICTION: Ended fetching predicted results
2021-08-24 00:06:10,560 root - INFO:DATA PREDICTION: starting Initialization of DataPrediction object
2021-08-24 00:06:10,563 root - INFO:DATA PREDICTION: started fetching predicted results
2021-08-24 00:06:10,572 root - INFO:DATA PREDICTION: Ended fetching predicted results
2021-08-24 00:06:18,623 root - INFO:DATA PREDICTION: starting Initialization of DataPrediction object
2021-08-24 00:06:18,697 root - INFO:DATA PREDICTION: started fetching predicted results
2021-08-24 00:06:18,704 root - INFO:DATA PREDICTION: Ended fetching predicted results
2021-08-24 00:07:05,610 root - INFO:DATA PREDICTION: starting Initialization of DataPrediction object
2021-08-24 00:07:05,612 root - INFO:DATA PREDICTION: started fetching predicted results
2021-08-24 00:07:05,619 root - INFO:DATA PREDICTION: Ended fetching predicted results
2021-08-24 00:07:15,305 root - INFO:DATA PREDICTION: starting Initialization of DataPrediction object
2021-08-24 00:07:15,307 root - INFO:DATA PREDICTION: started fetching predicted results
2021-08-24 00:07:15,314 root - INFO:DATA PREDICTION: Ended fetching predicted results
2021-08-24 00:07:33,902 root - INFO:DATA PREDICTION: starting Initialization of DataPrediction object
2021-08-24 00:07:33,904 root - INFO:DATA PREDICTION: started fetching predicted results
2021-08-24 00:07:33,913 root - INFO:DATA PREDICTION: Ended fetching predicted results
2021-08-24 00:08:12,978 root - INFO:DATA PREDICTION: starting Initialization of DataPrediction object
2021-08-24 00:08:12,983 root - INFO:DATA PREDICTION: started fetching predicted results
2021-08-24 00:08:12,990 root - INFO:DATA PREDICTION: Ended fetching predicted results
2021-08-24 00:10:38,236 root - INFO:DATA PREDICTION: starting Initialization of DataPrediction object
2021-08-24 00:10:38,237 root - INFO:DATA PREDICTION: started fetching predicted results
2021-08-24 00:10:38,243 root - INFO:DATA PREDICTION: Ended fetching predicted results
2021-08-24 00:11:50,345 root - INFO:DATA PREDICTION: starting Initialization of DataPrediction object
2021-08-24 00:11:50,347 root - INFO:DATA PREDICTION: started fetching predicted results
2021-08-24 00:11:50,356 root - INFO:DATA PREDICTION: Ended fetching predicted results
2021-08-24 00:12:26,342 root - INFO:DATA PREDICTION: starting Initialization of DataPrediction object
2021-08-24 00:12:26,346 root - INFO:DATA PREDICTION: started fetching predicted results
2021-08-24 00:12:26,352 root - INFO:DATA PREDICTION: Ended fetching predicted results
2021-08-24 00:13:38,820 root - INFO:DATA PREDICTION: starting Initialization of DataPrediction object
2021-08-24 00:13:38,822 root - INFO:DATA PREDICTION: started fetching predicted results
2021-08-24 00:13:38,829 root - INFO:DATA PREDICTION: Ended fetching predicted results
2021-08-24 00:13:41,369 root - INFO:DATA PREDICTION: starting Initialization of DataPrediction object
2021-08-24 00:13:41,372 root - INFO:DATA PREDICTION: started fetching predicted results
2021-08-24 00:13:41,378 root - INFO:DATA PREDICTION: Ended fetching predicted results
2021-08-24 00:13:51,090 root - INFO:DATA PREDICTION: starting Initialization of DataPrediction object
2021-08-24 00:13:51,092 root - INFO:DATA PREDICTION: started fetching predicted results
2021-08-24 00:13:51,099 root - INFO:DATA PREDICTION: Ended fetching predicted results
2021-08-24 00:14:10,597 root - INFO:DATA PREDICTION: starting Initialization of DataPrediction object
2021-08-24 00:14:10,600 root - INFO:DATA PREDICTION: started fetching predicted results
2021-08-24 00:14:10,608 root - INFO:DATA PREDICTION: Ended fetching predicted results
2021-08-24 00:15:35,811 root - INFO:DATA PREDICTION: starting Initialization of DataPrediction object
2021-08-24 00:15:35,813 root - INFO:DATA PREDICTION: started fetching predicted results
2021-08-24 00:15:35,820 root - INFO:DATA PREDICTION: Ended fetching predicted results
2021-08-24 00:15:44,856 root - INFO:DATA PREDICTION: starting Initialization of DataPrediction object
2021-08-24 00:15:44,858 root - INFO:DATA PREDICTION: started fetching predicted results
2021-08-24 00:15:44,865 root - INFO:DATA PREDICTION: Ended fetching predicted results
2021-08-24 00:15:56,631 root - INFO:DATA PREDICTION: starting Initialization of DataPrediction object
2021-08-24 00:15:56,632 root - INFO:DATA PREDICTION: started fetching predicted results
2021-08-24 00:15:56,638 root - INFO:DATA PREDICTION: Ended fetching predicted results
2021-08-24 00:15:59,133 root - INFO:DATA PREDICTION: starting Initialization of DataPrediction object
2021-08-24 00:15:59,135 root - INFO:DATA PREDICTION: started fetching predicted results
2021-08-24 00:15:59,142 root - INFO:DATA PREDICTION: Ended fetching predicted results
2021-08-24 00:17:32,071 root - INFO:DATA PREDICTION: starting Initialization of DataPrediction object
2021-08-24 00:17:32,073 root - INFO:DATA PREDICTION: started fetching predicted results
2021-08-24 00:17:32,080 root - INFO:DATA PREDICTION: Ended fetching predicted results
2021-08-24 00:18:09,358 root - INFO:DATA PREDICTION: starting Initialization of DataPrediction object
2021-08-24 00:18:09,360 root - INFO:DATA PREDICTION: started fetching predicted results
2021-08-24 00:18:09,368 root - INFO:DATA PREDICTION: Ended fetching predicted results
2021-08-24 00:18:13,334 root - INFO:DATA PREDICTION: starting Initialization of DataPrediction object
2021-08-24 00:18:13,336 root - INFO:DATA PREDICTION: started fetching predicted results
2021-08-24 00:18:13,343 root - INFO:DATA PREDICTION: Ended fetching predicted results
2021-08-24 00:18:31,083 root - INFO:DATA PREDICTION: starting Initialization of DataPrediction object
2021-08-24 00:18:31,086 root - INFO:DATA PREDICTION: started fetching predicted results
2021-08-24 00:18:31,095 root - INFO:DATA PREDICTION: Ended fetching predicted results
2021-08-24 00:25:35,586 root - INFO:DATA PREDICTION: starting Initialization of DataPrediction object
2021-08-24 00:25:35,588 root - INFO:DATA PREDICTION: started fetching predicted results
2021-08-24 00:25:35,595 root - INFO:DATA PREDICTION: Ended fetching predicted results
2021-08-24 00:26:17,605 root - INFO:DATA PREDICTION: starting Initialization of DataPrediction object
2021-08-24 00:26:17,607 root - INFO:DATA PREDICTION: started fetching predicted results
2021-08-24 00:26:17,612 root - INFO:DATA PREDICTION: Ended fetching predicted results
2021-08-24 00:26:37,818 root - INFO:DATA PREDICTION: starting Initialization of DataPrediction object
2021-08-24 00:26:37,821 root - INFO:DATA PREDICTION: started fetching predicted results
2021-08-24 00:26:37,829 root - INFO:DATA PREDICTION: Ended fetching predicted results
2021-08-24 00:26:49,919 root - INFO:DATA PREDICTION: starting Initialization of DataPrediction object
2021-08-24 00:26:49,922 root - INFO:DATA PREDICTION: started fetching predicted results
2021-08-24 00:26:49,929 root - INFO:DATA PREDICTION: Ended fetching predicted results
2021-08-24 00:27:13,111 root - INFO:DATA PREDICTION: starting Initialization of DataPrediction object
2021-08-24 00:27:13,113 root - INFO:DATA PREDICTION: started fetching predicted results
2021-08-24 00:27:13,120 root - INFO:DATA PREDICTION: Ended fetching predicted results
2021-08-24 00:27:14,924 root - INFO:DATA PREDICTION: starting Initialization of DataPrediction object
2021-08-24 00:27:14,926 root - INFO:DATA PREDICTION: started fetching predicted results
2021-08-24 00:27:14,934 root - INFO:DATA PREDICTION: Ended fetching predicted results
2021-08-24 00:27:16,559 root - INFO:DATA PREDICTION: starting Initialization of DataPrediction object
2021-08-24 00:27:16,561 root - INFO:DATA PREDICTION: started fetching predicted results
2021-08-24 00:27:16,565 root - INFO:DATA PREDICTION: Ended fetching predicted results
2021-08-24 00:27:25,621 root - INFO:DATA PREDICTION: starting Initialization of DataPrediction object
2021-08-24 00:27:25,623 root - INFO:DATA PREDICTION: started fetching predicted results
2021-08-24 00:27:25,630 root - INFO:DATA PREDICTION: Ended fetching predicted results
2021-08-24 00:27:27,439 root - INFO:DATA PREDICTION: starting Initialization of DataPrediction object
2021-08-24 00:27:27,441 root - INFO:DATA PREDICTION: started fetching predicted results
2021-08-24 00:27:27,447 root - INFO:DATA PREDICTION: Ended fetching predicted results
2021-08-24 00:27:30,468 root - INFO:DATA PREDICTION: starting Initialization of DataPrediction object
2021-08-24 00:27:30,470 root - INFO:DATA PREDICTION: started fetching predicted results
2021-08-24 00:27:30,537 root - INFO:DATA PREDICTION: Ended fetching predicted results
2021-08-24 00:28:49,339 root - INFO:DATA PREDICTION: starting Initialization of DataPrediction object
2021-08-24 00:28:49,342 root - INFO:DATA PREDICTION: started fetching predicted results
2021-08-24 00:28:49,350 root - INFO:DATA PREDICTION: Ended fetching predicted results
2021-08-24 00:29:29,939 root - INFO:DATA PREDICTION: starting Initialization of DataPrediction object
2021-08-24 00:29:29,941 root - INFO:DATA PREDICTION: started data prediction process
2021-08-24 00:29:29,944 root - INFO:DATA PREDICTION: started preparing data structure type based on model
2021-08-24 00:29:29,963 root - INFO:DATA PREDICTION: Ended preparing data structure type based on model
2021-08-24 00:29:29,978 root - INFO:DATA PREDICTION: started preparing data column names based on model
2021-08-24 00:29:29,980 root - INFO:DATA PREDICTION: started loading saved model
2021-08-24 00:29:29,989 root - INFO:DATA PREDICTION: started loading saved model
2021-08-24 00:29:29,996 root - INFO:DATA PREDICTION: Ended preparing data column names on model
2021-08-24 00:29:29,998 root - INFO:DATA PREDICTION: started finding cluster for each data
2021-08-24 00:29:30,000 root - INFO:DATA PREDICTION: started loading saved model
2021-08-24 00:29:30,002 root - INFO:DATA PREDICTION: started loading saved model
2021-08-24 00:29:30,007 root - INFO:DATA PREDICTION: Ended finding cluster for each data
2021-08-24 00:29:30,010 root - INFO:DATA PREDICTION: started data prediction process
2021-08-24 00:29:30,012 root - INFO:DATA PREDICTION: started Loading model
2021-08-24 00:29:30,014 root - INFO:DATA PREDICTION: started loading saved model
2021-08-24 00:29:30,048 root - INFO:DATA PREDICTION: started loading saved model
2021-08-24 00:29:30,050 root - INFO:DATA PREDICTION: Ended Loading model
2021-08-24 00:29:30,054 root - INFO:DATA PREDICTION: Ended data prediction process
2021-08-24 00:29:30,057 root - INFO:DATA PREDICTION: Ended data prediction process
2021-08-24 00:29:36,868 root - INFO:DATA PREDICTION: starting Initialization of DataPrediction object
2021-08-24 00:29:36,870 root - INFO:DATA PREDICTION: started data prediction process
2021-08-24 00:29:36,872 root - INFO:DATA PREDICTION: started preparing data structure type based on model
2021-08-24 00:29:36,892 root - INFO:DATA PREDICTION: Ended preparing data structure type based on model
2021-08-24 00:29:36,912 root - INFO:DATA PREDICTION: started preparing data column names based on model
2021-08-24 00:29:36,915 root - INFO:DATA PREDICTION: started loading saved model
2021-08-24 00:29:36,917 root - INFO:DATA PREDICTION: started loading saved model
2021-08-24 00:29:36,923 root - INFO:DATA PREDICTION: Ended preparing data column names on model
2021-08-24 00:29:36,925 root - INFO:DATA PREDICTION: started finding cluster for each data
2021-08-24 00:29:36,926 root - INFO:DATA PREDICTION: started loading saved model
2021-08-24 00:29:36,928 root - INFO:DATA PREDICTION: started loading saved model
2021-08-24 00:29:36,933 root - INFO:DATA PREDICTION: Ended finding cluster for each data
2021-08-24 00:29:36,935 root - INFO:DATA PREDICTION: started data prediction process
2021-08-24 00:29:36,936 root - INFO:DATA PREDICTION: started Loading model
2021-08-24 00:29:36,938 root - INFO:DATA PREDICTION: started loading saved model
2021-08-24 00:29:36,943 root - INFO:DATA PREDICTION: started loading saved model
2021-08-24 00:29:36,945 root - INFO:DATA PREDICTION: Ended Loading model
2021-08-24 00:29:36,949 root - INFO:DATA PREDICTION: Ended data prediction process
2021-08-24 00:29:36,951 root - INFO:DATA PREDICTION: Ended data prediction process
2021-08-24 00:29:39,432 root - INFO:DATA PREDICTION: starting Initialization of DataPrediction object
2021-08-24 00:29:39,434 root - INFO:DATA PREDICTION: started data prediction process
2021-08-24 00:29:39,437 root - INFO:DATA PREDICTION: started preparing data structure type based on model
2021-08-24 00:29:39,454 root - INFO:DATA PREDICTION: Ended preparing data structure type based on model
2021-08-24 00:29:39,472 root - INFO:DATA PREDICTION: started preparing data column names based on model
2021-08-24 00:29:39,474 root - INFO:DATA PREDICTION: started loading saved model
2021-08-24 00:29:39,476 root - INFO:DATA PREDICTION: started loading saved model
2021-08-24 00:29:39,482 root - INFO:DATA PREDICTION: Ended preparing data column names on model
2021-08-24 00:29:39,484 root - INFO:DATA PREDICTION: started finding cluster for each data
2021-08-24 00:29:39,484 root - INFO:DATA PREDICTION: started loading saved model
2021-08-24 00:29:39,486 root - INFO:DATA PREDICTION: started loading saved model
2021-08-24 00:29:39,490 root - INFO:DATA PREDICTION: Ended finding cluster for each data
2021-08-24 00:29:39,492 root - INFO:DATA PREDICTION: started data prediction process
2021-08-24 00:29:39,493 root - INFO:DATA PREDICTION: started Loading model
2021-08-24 00:29:39,495 root - INFO:DATA PREDICTION: started loading saved model
2021-08-24 00:29:39,500 root - INFO:DATA PREDICTION: started loading saved model
2021-08-24 00:29:39,502 root - INFO:DATA PREDICTION: Ended Loading model
2021-08-24 00:29:39,506 root - INFO:DATA PREDICTION: Ended data prediction process
2021-08-24 00:29:39,508 root - INFO:DATA PREDICTION: Ended data prediction process
2021-08-24 00:30:01,700 root - INFO:DATA PREDICTION: starting Initialization of DataPrediction object
2021-08-24 00:30:01,702 root - INFO:DATA PREDICTION: started fetching predicted results
2021-08-24 00:30:01,708 root - INFO:DATA PREDICTION: Ended fetching predicted results
2021-08-24 00:30:06,575 root - INFO:DATA PREDICTION: starting Initialization of DataPrediction object
2021-08-24 00:30:06,578 root - INFO:DATA PREDICTION: started fetching predicted results
2021-08-24 00:30:06,584 root - INFO:DATA PREDICTION: Ended fetching predicted results
2021-08-24 00:30:07,227 root - INFO:DATA PREDICTION: starting Initialization of DataPrediction object
2021-08-24 00:30:07,228 root - INFO:DATA PREDICTION: started fetching predicted results
2021-08-24 00:30:07,233 root - INFO:DATA PREDICTION: Ended fetching predicted results
2021-08-24 00:30:16,601 root - INFO:DATA PREDICTION: starting Initialization of DataPrediction object
2021-08-24 00:30:16,603 root - INFO:DATA PREDICTION: started fetching predicted results
2021-08-24 00:30:16,608 root - INFO:DATA PREDICTION: Ended fetching predicted results
2021-08-24 00:31:15,118 root - INFO:DATA PREDICTION: starting Initialization of DataPrediction object
2021-08-24 00:31:15,120 root - INFO:DATA PREDICTION: started batch data prediction process
2021-08-24 00:31:15,125 root - INFO:DATA PREDICTION: started data validation
2021-08-24 00:31:15,254 root - INFO:DATA PREDICTION: Ended data validation
2021-08-24 00:31:15,255 root - INFO:DATA PREDICTION: started data preparation
2021-08-24 00:31:15,260 root - INFO:DATA PREDICTION: starting get good data
2021-08-24 00:31:15,274 root - INFO:DATA PREDICTION: Ending get good data
2021-08-24 00:31:15,288 root - INFO:DATA PREDICTION: started preparing data column names based on model
2021-08-24 00:31:15,290 root - INFO:DATA PREDICTION: started loading saved model
2021-08-24 00:31:15,292 root - INFO:DATA PREDICTION: started loading saved model
2021-08-24 00:31:15,299 root - INFO:DATA PREDICTION: Ended preparing data column names on model
2021-08-24 00:31:15,301 root - INFO:DATA PREDICTION: started imputing Null values
2021-08-24 00:31:15,303 root - INFO:DATA PREDICTION: started loading saved model
2021-08-24 00:31:15,313 root - INFO:DATA PREDICTION: started loading saved model
2021-08-24 00:31:15,317 root - INFO:DATA PREDICTION: Ended imputing Null values
2021-08-24 00:31:15,319 root - INFO:DATA PREDICTION: Ended data preparation
2021-08-24 00:31:15,321 root - INFO:DATA PREDICTION: started finding cluster for each data
2021-08-24 00:31:15,322 root - INFO:DATA PREDICTION: started loading saved model
2021-08-24 00:31:15,324 root - INFO:DATA PREDICTION: started loading saved model
2021-08-24 00:31:15,351 root - INFO:DATA PREDICTION: Ended finding cluster for each data
2021-08-24 00:31:15,356 root - INFO:DATA PREDICTION: started data prediction process
2021-08-24 00:31:15,358 root - INFO:DATA PREDICTION: started Loading model
2021-08-24 00:31:15,359 root - INFO:DATA PREDICTION: started loading saved model
2021-08-24 00:31:15,365 root - INFO:DATA PREDICTION: started loading saved model
2021-08-24 00:31:15,367 root - INFO:DATA PREDICTION: Ended Loading model
2021-08-24 00:31:15,374 root - INFO:DATA PREDICTION: Ended data prediction process
2021-08-24 00:31:15,382 root - INFO:DATA PREDICTION: started data prediction process
2021-08-24 00:31:15,383 root - INFO:DATA PREDICTION: started Loading model
2021-08-24 00:31:15,385 root - INFO:DATA PREDICTION: started loading saved model
2021-08-24 00:31:15,418 root - INFO:DATA PREDICTION: started loading saved model
2021-08-24 00:31:15,420 root - INFO:DATA PREDICTION: Ended Loading model
2021-08-24 00:31:15,424 root - INFO:DATA PREDICTION: Ended data prediction process
2021-08-24 00:31:15,431 root - INFO:DATA PREDICTION: started saving predicted results
2021-08-24 00:31:15,441 root - INFO:DATA PREDICTION: Ended saving predicted results
2021-08-24 00:31:15,443 root - INFO:DATA PREDICTION: Ended batch data prediction process
2021-08-24 00:32:42,717 root - INFO:DATA PREDICTION: starting Initialization of DataPrediction object
2021-08-24 00:32:42,721 root - INFO:DATA PREDICTION: started fetching predicted results
2021-08-24 00:32:42,762 root - INFO:DATA PREDICTION: Ended fetching predicted results
2021-08-24 00:33:02,302 root - INFO:DATA PREDICTION: starting Initialization of DataPrediction object
2021-08-24 00:33:02,304 root - INFO:DATA PREDICTION: started fetching predicted results
2021-08-24 00:33:02,310 root - INFO:DATA PREDICTION: Ended fetching predicted results
2021-08-24 00:33:51,242 root - INFO:DATA PREDICTION: starting Initialization of DataPrediction object
2021-08-24 00:33:51,244 root - INFO:DATA PREDICTION: started fetching predicted results
2021-08-24 00:33:51,253 root - INFO:DATA PREDICTION: Ended fetching predicted results
2021-08-24 00:34:29,955 root - INFO:DATA PREDICTION: starting Initialization of DataPrediction object
2021-08-24 00:34:29,957 root - INFO:DATA PREDICTION: started data prediction process
2021-08-24 00:34:29,959 root - INFO:DATA PREDICTION: started preparing data structure type based on model
2021-08-24 00:34:29,972 root - INFO:DATA PREDICTION: Ended preparing data structure type based on model
2021-08-24 00:34:29,987 root - INFO:DATA PREDICTION: started preparing data column names based on model
2021-08-24 00:34:29,988 root - INFO:DATA PREDICTION: started loading saved model
2021-08-24 00:34:29,990 root - INFO:DATA PREDICTION: started loading saved model
2021-08-24 00:34:29,996 root - INFO:DATA PREDICTION: Ended preparing data column names on model
2021-08-24 00:34:29,998 root - INFO:DATA PREDICTION: started finding cluster for each data
2021-08-24 00:34:30,000 root - INFO:DATA PREDICTION: started loading saved model
2021-08-24 00:34:30,002 root - INFO:DATA PREDICTION: started loading saved model
2021-08-24 00:34:30,006 root - INFO:DATA PREDICTION: Ended finding cluster for each data
2021-08-24 00:34:30,008 root - INFO:DATA PREDICTION: started data prediction process
2021-08-24 00:34:30,010 root - INFO:DATA PREDICTION: started Loading model
2021-08-24 00:34:30,011 root - INFO:DATA PREDICTION: started loading saved model
2021-08-24 00:34:30,017 root - INFO:DATA PREDICTION: started loading saved model
2021-08-24 00:34:30,019 root - INFO:DATA PREDICTION: Ended Loading model
2021-08-24 00:34:30,023 root - INFO:DATA PREDICTION: Ended data prediction process
2021-08-24 00:34:30,025 root - INFO:DATA PREDICTION: Ended data prediction process
2021-08-24 00:34:33,133 root - INFO:DATA PREDICTION: starting Initialization of DataPrediction object
2021-08-24 00:34:33,135 root - INFO:DATA PREDICTION: started data prediction process
2021-08-24 00:34:33,137 root - INFO:DATA PREDICTION: started preparing data structure type based on model
2021-08-24 00:34:33,154 root - INFO:DATA PREDICTION: Ended preparing data structure type based on model
2021-08-24 00:34:33,171 root - INFO:DATA PREDICTION: started preparing data column names based on model
2021-08-24 00:34:33,173 root - INFO:DATA PREDICTION: started loading saved model
2021-08-24 00:34:33,175 root - INFO:DATA PREDICTION: started loading saved model
2021-08-24 00:34:33,181 root - INFO:DATA PREDICTION: Ended preparing data column names on model
2021-08-24 00:34:33,183 root - INFO:DATA PREDICTION: started finding cluster for each data
2021-08-24 00:34:33,184 root - INFO:DATA PREDICTION: started loading saved model
2021-08-24 00:34:33,186 root - INFO:DATA PREDICTION: started loading saved model
2021-08-24 00:34:33,190 root - INFO:DATA PREDICTION: Ended finding cluster for each data
2021-08-24 00:34:33,192 root - INFO:DATA PREDICTION: started data prediction process
2021-08-24 00:34:33,193 root - INFO:DATA PREDICTION: started Loading model
2021-08-24 00:34:33,195 root - INFO:DATA PREDICTION: started loading saved model
2021-08-24 00:34:33,200 root - INFO:DATA PREDICTION: started loading saved model
2021-08-24 00:34:33,202 root - INFO:DATA PREDICTION: Ended Loading model
2021-08-24 00:34:33,205 root - INFO:DATA PREDICTION: Ended data prediction process
2021-08-24 00:34:33,208 root - INFO:DATA PREDICTION: Ended data prediction process
2021-08-24 00:34:40,787 root - INFO:DATA PREDICTION: starting Initialization of DataPrediction object
2021-08-24 00:34:40,789 root - INFO:DATA PREDICTION: started fetching predicted results
2021-08-24 00:34:40,796 root - INFO:DATA PREDICTION: Ended fetching predicted results
2021-08-24 11:09:01,864 root - INFO:DATA PREDICTION: starting Initialization of DataPrediction object
2021-08-24 11:09:01,897 root - INFO:DATA PREDICTION: started data prediction process
2021-08-24 11:09:01,898 root - INFO:DATA PREDICTION: started preparing data structure type based on model
2021-08-24 11:09:01,950 root - INFO:DATA PREDICTION: Ended preparing data structure type based on model
2021-08-24 11:09:02,035 root - INFO:DATA PREDICTION: started preparing data column names based on model
2021-08-24 11:09:02,037 root - INFO:DATA PREDICTION: started loading saved model
2021-08-24 11:09:02,074 root - INFO:DATA PREDICTION: started loading saved model
2021-08-24 11:09:02,096 root - INFO:DATA PREDICTION: Ended preparing data column names on model
2021-08-24 11:09:02,098 root - INFO:DATA PREDICTION: started finding cluster for each data
2021-08-24 11:09:02,100 root - INFO:DATA PREDICTION: started loading saved model
2021-08-24 11:09:02,131 root - INFO:DATA PREDICTION: started loading saved model
2021-08-24 11:09:02,395 root - INFO:DATA PREDICTION: Ended finding cluster for each data
2021-08-24 11:09:02,399 root - INFO:DATA PREDICTION: started data prediction process
2021-08-24 11:09:02,403 root - INFO:DATA PREDICTION: started Loading model
2021-08-24 11:09:02,407 root - INFO:DATA PREDICTION: started loading saved model
2021-08-24 11:09:02,494 root - INFO:DATA PREDICTION: started loading saved model
2021-08-24 11:09:02,496 root - INFO:DATA PREDICTION: Ended Loading model
2021-08-24 11:09:02,502 root - INFO:DATA PREDICTION: Ended data prediction process
2021-08-24 11:09:02,506 root - INFO:DATA PREDICTION: Ended data prediction process
2021-08-24 11:10:23,785 root - INFO:DATA PREDICTION: starting Initialization of DataPrediction object
2021-08-24 11:10:23,788 root - INFO:DATA PREDICTION: started data prediction process
2021-08-24 11:10:23,790 root - INFO:DATA PREDICTION: started preparing data structure type based on model
2021-08-24 11:10:23,809 root - INFO:DATA PREDICTION: Ended preparing data structure type based on model
2021-08-24 11:10:23,830 root - INFO:DATA PREDICTION: started preparing data column names based on model
2021-08-24 11:10:23,832 root - INFO:DATA PREDICTION: started loading saved model
2021-08-24 11:10:23,835 root - INFO:DATA PREDICTION: started loading saved model
2021-08-24 11:10:23,844 root - INFO:DATA PREDICTION: Ended preparing data column names on model
2021-08-24 11:10:23,846 root - INFO:DATA PREDICTION: started finding cluster for each data
2021-08-24 11:10:23,848 root - INFO:DATA PREDICTION: started loading saved model
2021-08-24 11:10:23,850 root - INFO:DATA PREDICTION: started loading saved model
2021-08-24 11:10:23,856 root - INFO:DATA PREDICTION: Ended finding cluster for each data
2021-08-24 11:10:23,885 root - INFO:DATA PREDICTION: started data prediction process
2021-08-24 11:10:23,887 root - INFO:DATA PREDICTION: started Loading model
2021-08-24 11:10:23,889 root - INFO:DATA PREDICTION: started loading saved model
2021-08-24 11:10:23,895 root - INFO:DATA PREDICTION: started loading saved model
2021-08-24 11:10:23,897 root - INFO:DATA PREDICTION: Ended Loading model
2021-08-24 11:10:23,901 root - INFO:DATA PREDICTION: Ended data prediction process
2021-08-24 11:10:23,903 root - INFO:DATA PREDICTION: Ended data prediction process
2021-08-24 11:15:35,462 root - INFO:DATA PREDICTION: starting Initialization of DataPrediction object
2021-08-24 11:15:35,464 root - INFO:DATA PREDICTION: started data prediction process
2021-08-24 11:15:35,467 root - INFO:DATA PREDICTION: started preparing data structure type based on model
2021-08-24 11:15:35,489 root - INFO:DATA PREDICTION: Ended preparing data structure type based on model
2021-08-24 11:15:35,512 root - INFO:DATA PREDICTION: started preparing data column names based on model
2021-08-24 11:15:35,514 root - INFO:DATA PREDICTION: started loading saved model
2021-08-24 11:15:35,515 root - INFO:DATA PREDICTION: started loading saved model
2021-08-24 11:15:35,522 root - INFO:DATA PREDICTION: Ended preparing data column names on model
2021-08-24 11:15:35,524 root - INFO:DATA PREDICTION: started finding cluster for each data
2021-08-24 11:15:35,525 root - INFO:DATA PREDICTION: started loading saved model
2021-08-24 11:15:35,527 root - INFO:DATA PREDICTION: started loading saved model
2021-08-24 11:15:35,532 root - INFO:DATA PREDICTION: Ended finding cluster for each data
2021-08-24 11:15:35,534 root - INFO:DATA PREDICTION: started data prediction process
2021-08-24 11:15:35,535 root - INFO:DATA PREDICTION: started Loading model
2021-08-24 11:15:35,537 root - INFO:DATA PREDICTION: started loading saved model
2021-08-24 11:15:35,543 root - INFO:DATA PREDICTION: started loading saved model
2021-08-24 11:15:35,544 root - INFO:DATA PREDICTION: Ended Loading model
2021-08-24 11:15:35,547 root - INFO:DATA PREDICTION: Ended data prediction process
2021-08-24 11:15:35,550 root - INFO:DATA PREDICTION: Ended data prediction process
2021-08-24 11:18:00,864 root - INFO:DATA PREDICTION: starting Initialization of DataPrediction object
2021-08-24 11:18:00,866 root - INFO:DATA PREDICTION: started data prediction process
2021-08-24 11:18:00,870 root - INFO:DATA PREDICTION: started preparing data structure type based on model
2021-08-24 11:18:00,893 root - INFO:DATA PREDICTION: Ended preparing data structure type based on model
2021-08-24 11:18:00,909 root - INFO:DATA PREDICTION: started preparing data column names based on model
2021-08-24 11:18:00,910 root - INFO:DATA PREDICTION: started loading saved model
2021-08-24 11:18:00,912 root - INFO:DATA PREDICTION: started loading saved model
2021-08-24 11:18:00,918 root - INFO:DATA PREDICTION: Ended preparing data column names on model
2021-08-24 11:18:00,919 root - INFO:DATA PREDICTION: started finding cluster for each data
2021-08-24 11:18:00,921 root - INFO:DATA PREDICTION: started loading saved model
2021-08-24 11:18:00,922 root - INFO:DATA PREDICTION: started loading saved model
2021-08-24 11:18:00,927 root - INFO:DATA PREDICTION: Ended finding cluster for each data
2021-08-24 11:18:00,929 root - INFO:DATA PREDICTION: started data prediction process
2021-08-24 11:18:00,931 root - INFO:DATA PREDICTION: started Loading model
2021-08-24 11:18:00,933 root - INFO:DATA PREDICTION: started loading saved model
2021-08-24 11:18:00,939 root - INFO:DATA PREDICTION: started loading saved model
2021-08-24 11:18:00,941 root - INFO:DATA PREDICTION: Ended Loading model
2021-08-24 11:18:00,944 root - INFO:DATA PREDICTION: Ended data prediction process
2021-08-24 11:18:00,947 root - INFO:DATA PREDICTION: Ended data prediction process
2021-08-24 11:18:31,689 root - INFO:DATA PREDICTION: starting Initialization of DataPrediction object
2021-08-24 11:18:31,692 root - INFO:DATA PREDICTION: started data prediction process
2021-08-24 11:18:31,694 root - INFO:DATA PREDICTION: started preparing data structure type based on model
2021-08-24 11:18:31,718 root - INFO:DATA PREDICTION: Ended preparing data structure type based on model
2021-08-24 11:18:31,741 root - INFO:DATA PREDICTION: started preparing data column names based on model
2021-08-24 11:18:31,744 root - INFO:DATA PREDICTION: started loading saved model
2021-08-24 11:18:31,747 root - INFO:DATA PREDICTION: started loading saved model
2021-08-24 11:18:31,753 root - INFO:DATA PREDICTION: Ended preparing data column names on model
2021-08-24 11:18:31,755 root - INFO:DATA PREDICTION: started finding cluster for each data
2021-08-24 11:18:31,756 root - INFO:DATA PREDICTION: started loading saved model
2021-08-24 11:18:31,758 root - INFO:DATA PREDICTION: started loading saved model
2021-08-24 11:18:31,763 root - INFO:DATA PREDICTION: Ended finding cluster for each data
2021-08-24 11:18:31,765 root - INFO:DATA PREDICTION: started data prediction process
2021-08-24 11:18:31,766 root - INFO:DATA PREDICTION: started Loading model
2021-08-24 11:18:31,768 root - INFO:DATA PREDICTION: started loading saved model
2021-08-24 11:18:31,774 root - INFO:DATA PREDICTION: started loading saved model
2021-08-24 11:18:31,776 root - INFO:DATA PREDICTION: Ended Loading model
2021-08-24 11:18:31,780 root - INFO:DATA PREDICTION: Ended data prediction process
2021-08-24 11:18:31,782 root - INFO:DATA PREDICTION: Ended data prediction process
2021-08-24 11:19:47,214 root - INFO:DATA PREDICTION: starting Initialization of DataPrediction object
2021-08-24 11:19:47,215 root - INFO:DATA PREDICTION: started fetching predicted results
2021-08-24 11:19:47,268 root - INFO:DATA PREDICTION: Ended fetching predicted results
2021-08-24 11:21:03,775 root - INFO:DATA PREDICTION: starting Initialization of DataPrediction object
2021-08-24 11:21:03,778 root - INFO:DATA PREDICTION: started data prediction process
2021-08-24 11:21:03,780 root - INFO:DATA PREDICTION: started preparing data structure type based on model
2021-08-24 11:21:03,807 root - INFO:DATA PREDICTION: Ended preparing data structure type based on model
2021-08-24 11:21:03,830 root - INFO:DATA PREDICTION: started preparing data column names based on model
2021-08-24 11:21:03,832 root - INFO:DATA PREDICTION: started loading saved model
2021-08-24 11:21:03,834 root - INFO:DATA PREDICTION: started loading saved model
2021-08-24 11:21:03,840 root - INFO:DATA PREDICTION: Ended preparing data column names on model
2021-08-24 11:21:03,842 root - INFO:DATA PREDICTION: started finding cluster for each data
2021-08-24 11:21:03,844 root - INFO:DATA PREDICTION: started loading saved model
2021-08-24 11:21:03,846 root - INFO:DATA PREDICTION: started loading saved model
2021-08-24 11:21:03,851 root - INFO:DATA PREDICTION: Ended finding cluster for each data
2021-08-24 11:21:03,852 root - INFO:DATA PREDICTION: started data prediction process
2021-08-24 11:21:03,854 root - INFO:DATA PREDICTION: started Loading model
2021-08-24 11:21:03,856 root - INFO:DATA PREDICTION: started loading saved model
2021-08-24 11:21:03,863 root - INFO:DATA PREDICTION: started loading saved model
2021-08-24 11:21:03,864 root - INFO:DATA PREDICTION: Ended Loading model
2021-08-24 11:21:03,868 root - INFO:DATA PREDICTION: Ended data prediction process
2021-08-24 11:21:03,871 root - INFO:DATA PREDICTION: Ended data prediction process
2021-08-24 11:21:26,163 root - INFO:DATA PREDICTION: starting Initialization of DataPrediction object
2021-08-24 11:21:26,167 root - INFO:DATA PREDICTION: started fetching predicted results
2021-08-24 11:21:26,174 root - INFO:DATA PREDICTION: Ended fetching predicted results
2021-08-24 11:24:18,502 root - INFO:DATA PREDICTION: starting Initialization of DataPrediction object
2021-08-24 11:24:18,504 root - INFO:DATA PREDICTION: started data prediction process
2021-08-24 11:24:18,507 root - INFO:DATA PREDICTION: started preparing data structure type based on model
2021-08-24 11:24:18,528 root - INFO:DATA PREDICTION: Ended preparing data structure type based on model
2021-08-24 11:24:18,552 root - INFO:DATA PREDICTION: started preparing data column names based on model
2021-08-24 11:24:18,555 root - INFO:DATA PREDICTION: started loading saved model
2021-08-24 11:24:18,557 root - INFO:DATA PREDICTION: started loading saved model
2021-08-24 11:24:18,562 root - INFO:DATA PREDICTION: Ended preparing data column names on model
2021-08-24 11:24:18,564 root - INFO:DATA PREDICTION: started finding cluster for each data
2021-08-24 11:24:18,565 root - INFO:DATA PREDICTION: started loading saved model
2021-08-24 11:24:18,567 root - INFO:DATA PREDICTION: started loading saved model
2021-08-24 11:24:18,572 root - INFO:DATA PREDICTION: Ended finding cluster for each data
2021-08-24 11:24:18,574 root - INFO:DATA PREDICTION: started data prediction process
2021-08-24 11:24:18,576 root - INFO:DATA PREDICTION: started Loading model
2021-08-24 11:24:18,577 root - INFO:DATA PREDICTION: started loading saved model
2021-08-24 11:24:18,584 root - INFO:DATA PREDICTION: started loading saved model
2021-08-24 11:24:18,586 root - INFO:DATA PREDICTION: Ended Loading model
2021-08-24 11:24:18,589 root - INFO:DATA PREDICTION: Ended data prediction process
2021-08-24 11:24:18,592 root - INFO:DATA PREDICTION: Ended data prediction process
